2025-04-16 13:32:42,477 - INFO - Starting job scraping...
2025-04-16 13:33:16,265 - INFO - Found 10 job listings on the page.
2025-04-16 13:33:16,265 - INFO - Scraping job #1...
2025-04-16 13:33:16,266 - INFO - Scraped: Electrical Design Engineer | Location: Harare | Expires: Expires 30 May 2025
2025-04-16 13:33:16,266 - INFO - Scraping job #2...
2025-04-16 13:33:16,266 - INFO - Scraped: SALES REPS | Location: Harare | Expires: Expires 16 May 2025
2025-04-16 13:33:16,267 - INFO - Scraping job #3...
2025-04-16 13:33:16,267 - INFO - Scraped: Receptionist/ PA to the Managing Director | Location: Harare | Expires: Expires 22 Apr 2025
2025-04-16 13:33:16,267 - INFO - Scraping job #4...
2025-04-16 13:33:16,268 - INFO - Scraped: Baseline Assessment for the project, “Integrated Emergency Response for El Niño Drought Affected Communities in Zimbabwe, | Location: Harare | Expires: Expires 25 Apr 2025
2025-04-16 13:33:16,269 - INFO - Scraping job #5...
2025-04-16 13:33:16,269 - INFO - Scraped: Call for Supplier`s Registration for the period (January 2026 to December 2028) | Location: Harare | Expires: Expires 09 May 2025
2025-04-16 13:33:16,270 - INFO - Scraping job #6...
2025-04-16 13:33:16,272 - INFO - Scraped: Administration Assistant Intern | Location: Harare | Expires: Expires 23 Apr 2025
2025-04-16 13:33:16,273 - INFO - Scraping job #7...
2025-04-16 13:33:16,274 - INFO - Scraped: IT and Support Graduate trainee | Location: Harare | Expires: Expires 21 Apr 2025
2025-04-16 13:33:16,274 - INFO - Scraping job #8...
2025-04-16 13:33:16,277 - INFO - Scraped: Automachanic | Location: Harare | Expires: Expires 21 Apr 2025
2025-04-16 13:33:16,277 - INFO - Scraping job #9...
2025-04-16 13:33:16,278 - INFO - Scraped: Mechanic | Location: Harare | Expires: Expires 21 Apr 2025
2025-04-16 13:33:16,278 - INFO - Scraping job #10...
2025-04-16 13:33:16,279 - INFO - Scraped: Developers Wanted for Global Opportunities | Location: Harare | Expires: Expires 15 May 2025
2025-04-16 13:33:16,289 - INFO - Saved 10 job entries to 'scraped_data.csv'.
